# JRE version: OpenJDK Runtime Environment (Red_Hat-21.0.4.0.7-2) (21.0.4+7) (build 21.0.4+7)
# Java VM: OpenJDK 64-Bit Server VM (Red_Hat-21.0.4.0.7-2) (21.0.4+7, mixed mode, sharing, tiered, compressed oops, compressed class ptrs, g1 gc, linux-amd64)
GC Precious Log:
 CardTable entry size: 512
 Card Set container configuration: InlinePtr #cards 5 size 8 Array Of Cards #cards 12 size 40 Howl #buckets 4 coarsen threshold 1843 Howl Bitmap #cards 512 size 80 coarsen threshold 460 Card regions per heap region 1 cards per card region 2048
 CPUs: 8 total, 4 available
 Memory: 7915M
 Large Page Support: Disabled
 NUMA Support: Disabled
 Compressed Oops: Enabled (32-bit)
 Heap Region Size: 1M
 Heap Min Capacity: 8M
 Heap Initial Capacity: 124M
 Heap Max Capacity: 1980M
 Pre-touch: Disabled
 Parallel Workers: 4
 Concurrent Workers: 1
 Concurrent Refinement Workers: 4
 Periodic GC: Disabled
Heap:
 garbage-first heap   total 129024K, used 15317K [0x0000000084400000, 0x0000000100000000)
  region size 1024K, 10 young (10240K), 7 survivors (7168K)
 Metaspace       used 21289K, committed 21632K, reserved 1114112K
  class space    used 2667K, committed 2816K, reserved 1048576K
GC Heap History (8 events):
Event: 0,729 GC heap before
{Heap before GC invocations=0 (full 0):
 garbage-first heap   total 129024K, used 14368K [0x0000000084400000, 0x0000000100000000)
  region size 1024K, 13 young (13312K), 0 survivors (0K)
 Metaspace       used 3989K, committed 4160K, reserved 1114112K
  class space    used 422K, committed 512K, reserved 1048576K
}
Event: 0,735 GC heap after
{Heap after GC invocations=1 (full 0):
 garbage-first heap   total 129024K, used 6877K [0x0000000084400000, 0x0000000100000000)
  region size 1024K, 2 young (2048K), 2 survivors (2048K)
 Metaspace       used 3989K, committed 4160K, reserved 1114112K
  class space    used 422K, committed 512K, reserved 1048576K
}
Event: 1,157 GC heap before
{Heap before GC invocations=1 (full 0):
 garbage-first heap   total 129024K, used 19165K [0x0000000084400000, 0x0000000100000000)
  region size 1024K, 14 young (14336K), 2 survivors (2048K)
 Metaspace       used 7111K, committed 7360K, reserved 1114112K
  class space    used 816K, committed 960K, reserved 1048576K
}
Event: 1,163 GC heap after
{Heap after GC invocations=2 (full 0):
 garbage-first heap   total 129024K, used 7836K [0x0000000084400000, 0x0000000100000000)
  region size 1024K, 1 young (1024K), 1 survivors (1024K)
 Metaspace       used 7111K, committed 7360K, reserved 1114112K
  class space    used 816K, committed 960K, reserved 1048576K
}
Event: 2,189 GC heap before
{Heap before GC invocations=2 (full 0):
 garbage-first heap   total 129024K, used 43676K [0x0000000084400000, 0x0000000100000000)
  region size 1024K, 37 young (37888K), 1 survivors (1024K)
 Metaspace       used 16523K, committed 16832K, reserved 1114112K
  class space    used 2069K, committed 2176K, reserved 1048576K
}
Event: 2,212 GC heap after
{Heap after GC invocations=3 (full 0):
 garbage-first heap   total 129024K, used 11064K [0x0000000084400000, 0x0000000100000000)
  region size 1024K, 4 young (4096K), 4 survivors (4096K)
 Metaspace       used 16523K, committed 16832K, reserved 1114112K
  class space    used 2069K, committed 2176K, reserved 1048576K
}
Event: 2,855 GC heap before
{Heap before GC invocations=3 (full 0):
 garbage-first heap   total 129024K, used 32568K [0x0000000084400000, 0x0000000100000000)
  region size 1024K, 27 young (27648K), 4 survivors (4096K)
 Metaspace       used 21200K, committed 21504K, reserved 1114112K
  class space    used 2659K, committed 2816K, reserved 1048576K
}
Event: 2,870 GC heap after
{Heap after GC invocations=4 (full 0):
 garbage-first heap   total 129024K, used 13269K [0x0000000084400000, 0x0000000100000000)
  region size 1024K, 7 young (7168K), 7 survivors (7168K)
 Metaspace       used 21200K, committed 21504K, reserved 1114112K
  class space    used 2659K, committed 2816K, reserved 1048576K
}

